<?xml version="1.0" encoding="utf-8"?><testsuites name="pytest tests"><testsuite name="pytest" errors="0" failures="0" skipped="0" tests="14" time="0.914" timestamp="2026-02-06T04:37:51.795550+00:00" hostname="agent-env-cf7d6c0b-43a4-4fc2-9803-f65fd08e9582"><testcase classname="backend.tests.test_admin_auth.TestAdminAuthentication" name="test_admin_login_success" time="0.099" /><testcase classname="backend.tests.test_admin_auth.TestAdminAuthentication" name="test_admin_login_wrong_password" time="0.035" /><testcase classname="backend.tests.test_admin_auth.TestAdminAuthentication" name="test_admin_login_wrong_username" time="0.074" /><testcase classname="backend.tests.test_admin_auth.TestAdminAuthentication" name="test_admin_verify_without_token" time="0.035" /><testcase classname="backend.tests.test_admin_auth.TestAdminAuthentication" name="test_admin_verify_with_invalid_token" time="0.038" /><testcase classname="backend.tests.test_admin_auth.TestAdminAuthentication" name="test_admin_verify_with_valid_token" time="0.116" /><testcase classname="backend.tests.test_admin_auth.TestAdminAuthentication" name="test_admin_logout_success" time="0.110" /><testcase classname="backend.tests.test_admin_auth.TestAdminAuthentication" name="test_admin_logout_without_token" time="0.076" /><testcase classname="backend.tests.test_admin_auth.TestAdminProtectedEndpoints" name="test_notification_stats_requires_auth" time="0.035" /><testcase classname="backend.tests.test_admin_auth.TestQuotesAndEventsAPI" name="test_get_quotes" time="0.035" /><testcase classname="backend.tests.test_admin_auth.TestQuotesAndEventsAPI" name="test_get_events" time="0.032" /><testcase classname="backend.tests.test_admin_auth.TestQuotesAndEventsAPI" name="test_get_upcoming_events" time="0.036" /><testcase classname="backend.tests.test_admin_auth.TestQuotesAndEventsAPI" name="test_get_daily_quote" time="0.036" /><testcase classname="backend.tests.test_admin_auth.TestAdminSeedData" name="test_seed_database" time="0.038" /></testsuite></testsuites>