<?xml version="1.0" encoding="utf-8"?><testsuites name="pytest tests"><testsuite name="pytest" errors="0" failures="0" skipped="0" tests="17" time="1.462" timestamp="2026-02-09T12:11:41.533336+00:00" hostname="agent-env-0b897ffd-5054-4161-87a3-ca505bee4ad9"><testcase classname="backend.tests.test_cms_pages_api.TestCMSPagesAPI" name="test_get_pages_returns_200" time="0.120" /><testcase classname="backend.tests.test_cms_pages_api.TestCMSPagesAPI" name="test_get_pages_returns_list" time="0.051" /><testcase classname="backend.tests.test_cms_pages_api.TestCMSPagesAPI" name="test_get_pages_structure" time="0.042" /><testcase classname="backend.tests.test_cms_pages_api.TestCMSPagesAPI" name="test_get_pages_sections_structure" time="0.045" /><testcase classname="backend.tests.test_cms_pages_api.TestCMSPagesAPI" name="test_get_all_content_returns_200" time="0.040" /><testcase classname="backend.tests.test_cms_pages_api.TestCMSPagesAPI" name="test_get_content_by_slug" time="0.052" /><testcase classname="backend.tests.test_cms_pages_api.TestCMSPagesAPI" name="test_create_content_requires_auth" time="0.086" /><testcase classname="backend.tests.test_cms_pages_api.TestCMSPagesAPI" name="test_create_content_success" time="0.075" /><testcase classname="backend.tests.test_cms_pages_api.TestCMSPagesAPI" name="test_create_duplicate_section_fails" time="0.063" /><testcase classname="backend.tests.test_cms_pages_api.TestCMSPagesAPI" name="test_update_content_requires_auth" time="0.092" /><testcase classname="backend.tests.test_cms_pages_api.TestCMSPagesAPI" name="test_update_content_success" time="0.099" /><testcase classname="backend.tests.test_cms_pages_api.TestCMSPagesAPI" name="test_update_nonexistent_content_fails" time="0.040" /><testcase classname="backend.tests.test_cms_pages_api.TestCMSPagesAPI" name="test_delete_content_requires_auth" time="0.134" /><testcase classname="backend.tests.test_cms_pages_api.TestCMSPagesAPI" name="test_delete_content_success" time="0.105" /><testcase classname="backend.tests.test_cms_pages_api.TestCMSPagesAPI" name="test_delete_nonexistent_content_fails" time="0.078" /><testcase classname="backend.tests.test_cms_pages_api.TestCMSPagesAPI" name="test_content_multilingual_support" time="0.186" /><testcase classname="backend.tests.test_cms_pages_api.TestExistingPagesContent" name="test_existing_pages_list" time="0.033" /></testsuite></testsuites>