<?xml version="1.0" encoding="utf-8"?><testsuites name="pytest tests"><testsuite name="pytest" errors="0" failures="0" skipped="0" tests="20" time="1.771" timestamp="2026-02-06T04:51:18.270147+00:00" hostname="agent-env-cf7d6c0b-43a4-4fc2-9803-f65fd08e9582"><testcase classname="backend.tests.test_crud_quotes_events.TestQuotesCRUD" name="test_get_all_quotes" time="0.081" /><testcase classname="backend.tests.test_crud_quotes_events.TestQuotesCRUD" name="test_get_single_quote" time="0.073" /><testcase classname="backend.tests.test_crud_quotes_events.TestQuotesCRUD" name="test_get_nonexistent_quote" time="0.036" /><testcase classname="backend.tests.test_crud_quotes_events.TestQuotesCRUD" name="test_update_quote_without_auth" time="0.069" /><testcase classname="backend.tests.test_crud_quotes_events.TestQuotesCRUD" name="test_update_quote_with_auth" time="0.204" /><testcase classname="backend.tests.test_crud_quotes_events.TestQuotesCRUD" name="test_update_nonexistent_quote" time="0.034" /><testcase classname="backend.tests.test_crud_quotes_events.TestQuotesCRUD" name="test_delete_quote_without_auth" time="0.071" /><testcase classname="backend.tests.test_crud_quotes_events.TestQuotesCRUD" name="test_create_and_delete_quote" time="0.141" /><testcase classname="backend.tests.test_crud_quotes_events.TestQuotesCRUD" name="test_delete_nonexistent_quote" time="0.038" /><testcase classname="backend.tests.test_crud_quotes_events.TestEventsCRUD" name="test_get_all_events" time="0.033" /><testcase classname="backend.tests.test_crud_quotes_events.TestEventsCRUD" name="test_get_single_event" time="0.071" /><testcase classname="backend.tests.test_crud_quotes_events.TestEventsCRUD" name="test_get_nonexistent_event" time="0.037" /><testcase classname="backend.tests.test_crud_quotes_events.TestEventsCRUD" name="test_update_event_without_auth" time="0.066" /><testcase classname="backend.tests.test_crud_quotes_events.TestEventsCRUD" name="test_update_event_with_auth" time="0.182" /><testcase classname="backend.tests.test_crud_quotes_events.TestEventsCRUD" name="test_update_nonexistent_event" time="0.038" /><testcase classname="backend.tests.test_crud_quotes_events.TestEventsCRUD" name="test_delete_event_without_auth" time="0.065" /><testcase classname="backend.tests.test_crud_quotes_events.TestEventsCRUD" name="test_create_and_delete_event" time="0.182" /><testcase classname="backend.tests.test_crud_quotes_events.TestEventsCRUD" name="test_delete_nonexistent_event" time="0.035" /><testcase classname="backend.tests.test_crud_quotes_events.TestUpdateAllFields" name="test_update_quote_all_languages" time="0.103" /><testcase classname="backend.tests.test_crud_quotes_events.TestUpdateAllFields" name="test_update_event_all_fields" time="0.114" /></testsuite></testsuites>