<?xml version="1.0" encoding="utf-8"?><testsuites name="pytest tests"><testsuite name="pytest" errors="0" failures="10" skipped="0" tests="33" time="4.368" timestamp="2026-03-02T18:25:56.345775+00:00" hostname="agent-env-bd1de405-ed19-49bd-8593-3062b68e44e3"><testcase classname="backend.tests.test_crud_wattu_archives_ouvrages_family.TestWattuPage" name="test_wattu_articles_endpoint" time="0.159" /><testcase classname="backend.tests.test_crud_wattu_archives_ouvrages_family.TestWattuPage" name="test_wattu_stats" time="0.150" /><testcase classname="backend.tests.test_crud_wattu_archives_ouvrages_family.TestWattuPage" name="test_wattu_categories" time="0.105" /><testcase classname="backend.tests.test_crud_wattu_archives_ouvrages_family.TestArchivesAPI" name="test_get_manuscripts" time="0.111" /><testcase classname="backend.tests.test_crud_wattu_archives_ouvrages_family.TestArchivesAPI" name="test_create_manuscript_requires_auth" time="0.104" /><testcase classname="backend.tests.test_crud_wattu_archives_ouvrages_family.TestArchivesAPI" name="test_create_and_delete_manuscript" time="0.229"><failure message="assert 422 == 200&#10; +  where 422 = &lt;Response [422]&gt;.status_code">backend/tests/test_crud_wattu_archives_ouvrages_family.py:98: in test_create_and_delete_manuscript
    assert response.status_code == 200
E   assert 422 == 200
E    +  where 422 = &lt;Response [422]&gt;.status_code</failure></testcase><testcase classname="backend.tests.test_crud_wattu_archives_ouvrages_family.TestArchivesAPI" name="test_get_photos" time="0.110" /><testcase classname="backend.tests.test_crud_wattu_archives_ouvrages_family.TestArchivesAPI" name="test_create_and_delete_photo" time="0.108"><failure message="assert 422 == 200&#10; +  where 422 = &lt;Response [422]&gt;.status_code">backend/tests/test_crud_wattu_archives_ouvrages_family.py:134: in test_create_and_delete_photo
    assert response.status_code == 200
E   assert 422 == 200
E    +  where 422 = &lt;Response [422]&gt;.status_code</failure></testcase><testcase classname="backend.tests.test_crud_wattu_archives_ouvrages_family.TestArchivesAPI" name="test_get_audio" time="0.101" /><testcase classname="backend.tests.test_crud_wattu_archives_ouvrages_family.TestArchivesAPI" name="test_create_and_delete_audio" time="0.167"><failure message="assert 422 == 200&#10; +  where 422 = &lt;Response [422]&gt;.status_code">backend/tests/test_crud_wattu_archives_ouvrages_family.py:168: in test_create_and_delete_audio
    assert response.status_code == 200
E   assert 422 == 200
E    +  where 422 = &lt;Response [422]&gt;.status_code</failure></testcase><testcase classname="backend.tests.test_crud_wattu_archives_ouvrages_family.TestArchivesAPI" name="test_get_videos" time="0.121" /><testcase classname="backend.tests.test_crud_wattu_archives_ouvrages_family.TestArchivesAPI" name="test_create_and_delete_video" time="0.134"><failure message="assert 422 == 200&#10; +  where 422 = &lt;Response [422]&gt;.status_code">backend/tests/test_crud_wattu_archives_ouvrages_family.py:202: in test_create_and_delete_video
    assert response.status_code == 200
E   assert 422 == 200
E    +  where 422 = &lt;Response [422]&gt;.status_code</failure></testcase><testcase classname="backend.tests.test_crud_wattu_archives_ouvrages_family.TestArchivesAPI" name="test_get_sources" time="0.105" /><testcase classname="backend.tests.test_crud_wattu_archives_ouvrages_family.TestArchivesAPI" name="test_create_and_delete_source" time="0.115"><failure message="assert 422 == 200&#10; +  where 422 = &lt;Response [422]&gt;.status_code">backend/tests/test_crud_wattu_archives_ouvrages_family.py:236: in test_create_and_delete_source
    assert response.status_code == 200
E   assert 422 == 200
E    +  where 422 = &lt;Response [422]&gt;.status_code</failure></testcase><testcase classname="backend.tests.test_crud_wattu_archives_ouvrages_family.TestArchivesAPI" name="test_archives_stats" time="0.129" /><testcase classname="backend.tests.test_crud_wattu_archives_ouvrages_family.TestOuvragesAPI" name="test_get_ouvrages_majeurs" time="0.100" /><testcase classname="backend.tests.test_crud_wattu_archives_ouvrages_family.TestOuvragesAPI" name="test_create_and_delete_ouvrage_majeur" time="0.112"><failure message="assert 422 == 200&#10; +  where 422 = &lt;Response [422]&gt;.status_code">backend/tests/test_crud_wattu_archives_ouvrages_family.py:285: in test_create_and_delete_ouvrage_majeur
    assert response.status_code == 200
E   assert 422 == 200
E    +  where 422 = &lt;Response [422]&gt;.status_code</failure></testcase><testcase classname="backend.tests.test_crud_wattu_archives_ouvrages_family.TestOuvragesAPI" name="test_get_autres_ouvrages" time="0.107" /><testcase classname="backend.tests.test_crud_wattu_archives_ouvrages_family.TestOuvragesAPI" name="test_create_and_delete_autre_ouvrage" time="0.220" /><testcase classname="backend.tests.test_crud_wattu_archives_ouvrages_family.TestOuvragesAPI" name="test_get_bibliotheque" time="0.113" /><testcase classname="backend.tests.test_crud_wattu_archives_ouvrages_family.TestOuvragesAPI" name="test_create_and_delete_bibliotheque_item" time="0.121"><failure message="assert 422 == 200&#10; +  where 422 = &lt;Response [422]&gt;.status_code">backend/tests/test_crud_wattu_archives_ouvrages_family.py:354: in test_create_and_delete_bibliotheque_item
    assert response.status_code == 200
E   assert 422 == 200
E    +  where 422 = &lt;Response [422]&gt;.status_code</failure></testcase><testcase classname="backend.tests.test_crud_wattu_archives_ouvrages_family.TestOuvragesAPI" name="test_get_archives_academiques" time="0.106" /><testcase classname="backend.tests.test_crud_wattu_archives_ouvrages_family.TestOuvragesAPI" name="test_create_and_delete_archive_academique" time="0.118"><failure message="assert 422 == 200&#10; +  where 422 = &lt;Response [422]&gt;.status_code">backend/tests/test_crud_wattu_archives_ouvrages_family.py:390: in test_create_and_delete_archive_academique
    assert response.status_code == 200
E   assert 422 == 200
E    +  where 422 = &lt;Response [422]&gt;.status_code</failure></testcase><testcase classname="backend.tests.test_crud_wattu_archives_ouvrages_family.TestOuvragesAPI" name="test_ouvrages_stats" time="0.111" /><testcase classname="backend.tests.test_crud_wattu_archives_ouvrages_family.TestFamilyTreeAPI" name="test_get_family_tree" time="0.143" /><testcase classname="backend.tests.test_crud_wattu_archives_ouvrages_family.TestFamilyTreeAPI" name="test_get_tree_structure" time="0.116" /><testcase classname="backend.tests.test_crud_wattu_archives_ouvrages_family.TestFamilyTreeAPI" name="test_create_member_requires_auth" time="0.106" /><testcase classname="backend.tests.test_crud_wattu_archives_ouvrages_family.TestFamilyTreeAPI" name="test_create_and_delete_family_member" time="0.107"><failure message="assert 422 == 200&#10; +  where 422 = &lt;Response [422]&gt;.status_code">backend/tests/test_crud_wattu_archives_ouvrages_family.py:457: in test_create_and_delete_family_member
    assert response.status_code == 200
E   assert 422 == 200
E    +  where 422 = &lt;Response [422]&gt;.status_code</failure></testcase><testcase classname="backend.tests.test_crud_wattu_archives_ouvrages_family.TestFamilyTreeAPI" name="test_update_family_member" time="0.129"><failure message="assert 422 == 200&#10; +  where 422 = &lt;Response [422]&gt;.status_code">backend/tests/test_crud_wattu_archives_ouvrages_family.py:498: in test_update_family_member
    assert create_response.status_code == 200
E   assert 422 == 200
E    +  where 422 = &lt;Response [422]&gt;.status_code</failure></testcase><testcase classname="backend.tests.test_crud_wattu_archives_ouvrages_family.TestDataIntegrity" name="test_wattu_article_count" time="0.127" /><testcase classname="backend.tests.test_crud_wattu_archives_ouvrages_family.TestDataIntegrity" name="test_archives_count" time="0.176" /><testcase classname="backend.tests.test_crud_wattu_archives_ouvrages_family.TestDataIntegrity" name="test_ouvrages_count" time="0.102" /><testcase classname="backend.tests.test_crud_wattu_archives_ouvrages_family.TestDataIntegrity" name="test_family_tree_count" time="0.147" /></testsuite></testsuites>