<?xml version="1.0" encoding="utf-8"?><testsuites name="pytest tests"><testsuite name="pytest" errors="0" failures="2" skipped="0" tests="16" time="2.784" timestamp="2026-02-15T01:24:19.247915+00:00" hostname="agent-env-6c9f43b8-778c-4956-9175-213c5962bb8c"><testcase classname="tests.test_dynamic_pages_api.TestDynamicPagesPublicAPI" name="test_get_all_active_pages" time="0.170" /><testcase classname="tests.test_dynamic_pages_api.TestDynamicPagesPublicAPI" name="test_get_page_by_slug_el_hadji_malick_sy" time="0.099" /><testcase classname="tests.test_dynamic_pages_api.TestDynamicPagesPublicAPI" name="test_get_page_by_slug_origines" time="0.114" /><testcase classname="tests.test_dynamic_pages_api.TestDynamicPagesPublicAPI" name="test_get_page_by_slug_maodo" time="0.102" /><testcase classname="tests.test_dynamic_pages_api.TestDynamicPagesPublicAPI" name="test_get_nonexistent_page_returns_404" time="0.106" /><testcase classname="tests.test_dynamic_pages_api.TestDynamicPagesPublicAPI" name="test_get_menu_pages" time="0.136" /><testcase classname="tests.test_dynamic_pages_api.TestDynamicPagesPublicAPI" name="test_get_pages_stats" time="0.128" /><testcase classname="tests.test_dynamic_pages_api.TestWattuAPI" name="test_get_wattu_articles" time="0.130" /><testcase classname="tests.test_dynamic_pages_api.TestWattuAPI" name="test_get_wattu_categories" time="0.140" /><testcase classname="tests.test_dynamic_pages_api.TestContactAPI" name="test_submit_contact_message" time="0.230"><failure message="assert 405 in [200, 201, 422]&#10; +  where 405 = &lt;Response [405]&gt;.status_code">tests/test_dynamic_pages_api.py:128: in test_submit_contact_message
    assert response.status_code in [200, 201, 422]
E   assert 405 in [200, 201, 422]
E    +  where 405 = &lt;Response [405]&gt;.status_code</failure></testcase><testcase classname="tests.test_dynamic_pages_api.TestAdminAuthentication" name="test_admin_login_success" time="0.121" /><testcase classname="tests.test_dynamic_pages_api.TestAdminAuthentication" name="test_admin_login_invalid_credentials" time="0.102" /><testcase classname="tests.test_dynamic_pages_api.TestDynamicPagesAdminAPI" name="test_get_all_pages_admin" time="0.236" /><testcase classname="tests.test_dynamic_pages_api.TestDynamicPagesAdminAPI" name="test_admin_all_pages_unauthorized" time="0.110" /><testcase classname="tests.test_dynamic_pages_api.TestHealthCheck" name="test_health_endpoint" time="0.588"><failure message="requests.exceptions.JSONDecodeError: Expecting value: line 1 column 1 (char 0)">/root/.venv/lib/python3.11/site-packages/requests/models.py:976: in json
    return complexjson.loads(self.text, **kwargs)
           ^^^^^^^^^^^^^^^^^^^^^^^^^^^^^^^^^^^^^^
/usr/local/lib/python3.11/json/__init__.py:346: in loads
    return _default_decoder.decode(s)
           ^^^^^^^^^^^^^^^^^^^^^^^^^^
/usr/local/lib/python3.11/json/decoder.py:337: in decode
    obj, end = self.raw_decode(s, idx=_w(s, 0).end())
               ^^^^^^^^^^^^^^^^^^^^^^^^^^^^^^^^^^^^^^
/usr/local/lib/python3.11/json/decoder.py:355: in raw_decode
    raise JSONDecodeError("Expecting value", s, err.value) from None
E   json.decoder.JSONDecodeError: Expecting value: line 1 column 1 (char 0)

During handling of the above exception, another exception occurred:
tests/test_dynamic_pages_api.py:203: in test_health_endpoint
    data = response.json()
           ^^^^^^^^^^^^^^^
/root/.venv/lib/python3.11/site-packages/requests/models.py:980: in json
    raise RequestsJSONDecodeError(e.msg, e.doc, e.pos)
E   requests.exceptions.JSONDecodeError: Expecting value: line 1 column 1 (char 0)</failure></testcase><testcase classname="tests.test_dynamic_pages_api.TestHealthCheck" name="test_api_health_endpoint" time="0.115" /></testsuite></testsuites>