<?xml version="1.0" encoding="utf-8"?><testsuites name="pytest tests"><testsuite name="pytest" errors="0" failures="0" skipped="0" tests="13" time="0.621" timestamp="2026-02-06T06:06:39.403290+00:00" hostname="agent-env-cf7d6c0b-43a4-4fc2-9803-f65fd08e9582"><testcase classname="backend.tests.test_enriched_content.TestMaodoEnrichedContent" name="test_maodo_has_7_sections" time="0.066" /><testcase classname="backend.tests.test_enriched_content.TestMaodoEnrichedContent" name="test_maodo_timeline_has_dates" time="0.035" /><testcase classname="backend.tests.test_enriched_content.TestMaodoEnrichedContent" name="test_maodo_contributions_has_items" time="0.038" /><testcase classname="backend.tests.test_enriched_content.TestMaodoEnrichedContent" name="test_maodo_oeuvres_has_literary_works" time="0.034" /><testcase classname="backend.tests.test_enriched_content.TestGamouEnrichedContent" name="test_gamou_has_5_sections" time="0.038" /><testcase classname="backend.tests.test_enriched_content.TestGamouEnrichedContent" name="test_gamou_program_has_4_phases" time="0.037" /><testcase classname="backend.tests.test_enriched_content.TestGamouEnrichedContent" name="test_gamou_advice_has_before_and_during" time="0.038" /><testcase classname="backend.tests.test_enriched_content.TestEcoleEnrichedContent" name="test_ecole_has_4_sections" time="0.035" /><testcase classname="backend.tests.test_enriched_content.TestEcoleEnrichedContent" name="test_ecole_cycles_has_3_levels" time="0.034" /><testcase classname="backend.tests.test_enriched_content.TestEcoleEnrichedContent" name="test_ecole_methods_has_pedagogical_approaches" time="0.036" /><testcase classname="backend.tests.test_enriched_content.TestTotalContentCount" name="test_total_16_sections" time="0.038" /><testcase classname="backend.tests.test_enriched_content.TestMultiLanguageSupport" name="test_timeline_english_content" time="0.030" /><testcase classname="backend.tests.test_enriched_content.TestMultiLanguageSupport" name="test_program_arabic_content" time="0.035" /></testsuite></testsuites>