<?xml version="1.0" encoding="utf-8"?><testsuites name="pytest tests"><testsuite name="pytest" errors="0" failures="0" skipped="0" tests="17" time="11.332" timestamp="2026-06-28T15:15:39.726197+00:00" hostname="agent-env-6fd3d066-43d8-4960-85d8-afeb34ce25d8"><testcase classname="backend.tests.test_external_library_unicode.TestSafeFilenameHeader" name="test_ascii_filename" time="0.435" /><testcase classname="backend.tests.test_external_library_unicode.TestSafeFilenameHeader" name="test_arabic_filename" time="0.000" /><testcase classname="backend.tests.test_external_library_unicode.TestSafeFilenameHeader" name="test_mixed_unicode_filename" time="0.000" /><testcase classname="backend.tests.test_external_library_unicode.TestSafeFilenameHeader" name="test_empty_after_ascii_strip" time="0.000" /><testcase classname="backend.tests.test_external_library_unicode.TestExternalLibraryListing" name="test_listing" time="0.429" /><testcase classname="backend.tests.test_external_library_unicode.TestPdfEndpoints" name="test_proxy[Ris\xe2la-ea09d162-ad58-42de-b517-cd588b4c4a7a]" time="2.604" /><testcase classname="backend.tests.test_external_library_unicode.TestPdfEndpoints" name="test_proxy[Qa\u1e63\u012bdat al-Burda-ad993f92-cf1a-4f91-933b-29826427fab1]" time="0.719" /><testcase classname="backend.tests.test_external_library_unicode.TestPdfEndpoints" name="test_proxy[Dou'a wa Waz\xeefa-027608af-8ccb-4e02-a795-1a6bbc6262e0]" time="0.360" /><testcase classname="backend.tests.test_external_library_unicode.TestPdfEndpoints" name="test_serve[Ris\xe2la-ea09d162-ad58-42de-b517-cd588b4c4a7a]" time="1.869" /><testcase classname="backend.tests.test_external_library_unicode.TestPdfEndpoints" name="test_serve[Qa\u1e63\u012bdat al-Burda-ad993f92-cf1a-4f91-933b-29826427fab1]" time="0.775" /><testcase classname="backend.tests.test_external_library_unicode.TestPdfEndpoints" name="test_serve[Dou'a wa Waz\xeefa-027608af-8ccb-4e02-a795-1a6bbc6262e0]" time="0.347" /><testcase classname="backend.tests.test_external_library_unicode.TestPdfEndpoints" name="test_download[Ris\xe2la-ea09d162-ad58-42de-b517-cd588b4c4a7a]" time="1.467" /><testcase classname="backend.tests.test_external_library_unicode.TestPdfEndpoints" name="test_download[Qa\u1e63\u012bdat al-Burda-ad993f92-cf1a-4f91-933b-29826427fab1]" time="1.561" /><testcase classname="backend.tests.test_external_library_unicode.TestPdfEndpoints" name="test_download[Dou'a wa Waz\xeefa-027608af-8ccb-4e02-a795-1a6bbc6262e0]" time="0.341" /><testcase classname="backend.tests.test_external_library_unicode.TestNotFound" name="test_proxy_nonexistent" time="0.105" /><testcase classname="backend.tests.test_external_library_unicode.TestNotFound" name="test_serve_nonexistent" time="0.101" /><testcase classname="backend.tests.test_external_library_unicode.TestNotFound" name="test_download_nonexistent" time="0.102" /></testsuite></testsuites>