<?xml version="1.0" encoding="utf-8"?><testsuites name="pytest tests"><testsuite name="pytest" errors="0" failures="0" skipped="0" tests="15" time="0.914" timestamp="2026-02-08T00:32:53.065963+00:00" hostname="agent-env-fd8c5b4e-785b-46d3-bc6b-909d2b283934"><testcase classname="backend.tests.test_khalifes_api.TestKhalifesAPI" name="test_get_khalifes_returns_11_entries" time="0.089" /><testcase classname="backend.tests.test_khalifes_api.TestKhalifesAPI" name="test_khalifes_have_required_fields" time="0.076" /><testcase classname="backend.tests.test_khalifes_api.TestKhalifesAPI" name="test_khalifes_multilingual_french" time="0.042" /><testcase classname="backend.tests.test_khalifes_api.TestKhalifesAPI" name="test_khalifes_multilingual_english" time="0.043" /><testcase classname="backend.tests.test_khalifes_api.TestKhalifesAPI" name="test_khalifes_ordered_correctly" time="0.043" /><testcase classname="backend.tests.test_khalifes_api.TestKhalifesAPI" name="test_current_khalife_endpoint" time="0.039" /><testcase classname="backend.tests.test_khalifes_api.TestKhalifesAPI" name="test_get_single_khalife" time="0.080" /><testcase classname="backend.tests.test_khalifes_api.TestAPIHealth" name="test_api_root" time="0.044" /><testcase classname="backend.tests.test_khalifes_api.TestAPIHealth" name="test_videos_endpoint" time="0.037" /><testcase classname="backend.tests.test_khalifes_api.TestAPIHealth" name="test_events_endpoint" time="0.038" /><testcase classname="backend.tests.test_khalifes_api.TestAPIHealth" name="test_quotes_daily_endpoint" time="0.040" /><testcase classname="backend.tests.test_khalifes_api.TestExistingPages" name="test_home_page_loads" time="0.040" /><testcase classname="backend.tests.test_khalifes_api.TestExistingPages" name="test_about_page_loads" time="0.037" /><testcase classname="backend.tests.test_khalifes_api.TestExistingPages" name="test_contact_page_loads" time="0.037" /><testcase classname="backend.tests.test_khalifes_api.TestExistingPages" name="test_khalifes_page_loads" time="0.041" /></testsuite></testsuites>