<?xml version="1.0" encoding="utf-8"?><testsuites name="pytest tests"><testsuite name="pytest" errors="0" failures="0" skipped="0" tests="17" time="5.418" timestamp="2026-03-02T17:02:20.093477+00:00" hostname="agent-env-0552a741-987a-493a-886f-5addaad330b6"><testcase classname="backend.tests.test_media_api.TestMediaStatsAPI" name="test_get_media_stats" time="0.253" /><testcase classname="backend.tests.test_media_api.TestMediaPagesAPI" name="test_get_available_pages" time="0.124" /><testcase classname="backend.tests.test_media_api.TestMediaTagsAPI" name="test_get_tags" time="0.145" /><testcase classname="backend.tests.test_media_api.TestMediaTagsAPI" name="test_create_tag_unauthenticated" time="0.118" /><testcase classname="backend.tests.test_media_api.TestMediaTagsAPI" name="test_create_and_delete_tag" time="0.367" /><testcase classname="backend.tests.test_media_api.TestMediaTagsAPI" name="test_create_duplicate_tag_fails" time="0.354" /><testcase classname="backend.tests.test_media_api.TestMediaFilesAPI" name="test_get_files_list" time="0.115" /><testcase classname="backend.tests.test_media_api.TestMediaFilesAPI" name="test_get_files_with_type_filter" time="0.141" /><testcase classname="backend.tests.test_media_api.TestMediaFilesAPI" name="test_get_files_with_search" time="0.169" /><testcase classname="backend.tests.test_media_api.TestMediaFilesAPI" name="test_upload_file_unauthenticated" time="0.118" /><testcase classname="backend.tests.test_media_api.TestMediaFilesAPI" name="test_upload_and_delete_file" time="0.598" /><testcase classname="backend.tests.test_media_api.TestMediaFilesAPI" name="test_upload_file_too_large" time="0.840" /><testcase classname="backend.tests.test_media_api.TestMediaFilesAPI" name="test_upload_unsupported_file_type" time="0.236" /><testcase classname="backend.tests.test_media_api.TestMediaAssociationsAPI" name="test_create_association_unauthenticated" time="0.109" /><testcase classname="backend.tests.test_media_api.TestMediaAssociationsAPI" name="test_create_and_delete_association" time="0.643" /><testcase classname="backend.tests.test_media_api.TestMediaAssociationsAPI" name="test_create_duplicate_association_fails" time="0.753" /><testcase classname="backend.tests.test_media_api.TestMediaAssociationsAPI" name="test_get_page_media" time="0.168" /></testsuite></testsuites>