<?xml version="1.0" encoding="utf-8"?><testsuites name="pytest tests"><testsuite name="pytest" errors="0" failures="0" skipped="0" tests="15" time="0.937" timestamp="2026-02-11T18:23:19.968943+00:00" hostname="agent-env-6b8076b7-3970-46e7-9394-5a7ce8217cff"><testcase classname="backend.tests.test_ouvrages_api.TestOuvragesAPI" name="test_get_ouvrages_majeurs" time="0.091" /><testcase classname="backend.tests.test_ouvrages_api.TestOuvragesAPI" name="test_get_autres_ouvrages" time="0.040" /><testcase classname="backend.tests.test_ouvrages_api.TestOuvragesAPI" name="test_get_bibliotheque" time="0.040" /><testcase classname="backend.tests.test_ouvrages_api.TestOuvragesAPI" name="test_get_archives_academiques" time="0.036" /><testcase classname="backend.tests.test_ouvrages_api.TestOuvragesAPI" name="test_get_ouvrages_stats" time="0.043" /><testcase classname="backend.tests.test_ouvrages_api.TestOuvragesAPI" name="test_ouvrages_majeurs_multilingual" time="0.042" /><testcase classname="backend.tests.test_ouvrages_api.TestOuvragesAPI" name="test_delete_ouvrage_majeur_requires_auth" time="0.073" /><testcase classname="backend.tests.test_ouvrages_api.TestOuvragesAPI" name="test_delete_ouvrage_majeur_with_auth" time="0.140" /><testcase classname="backend.tests.test_ouvrages_api.TestOuvragesAPI" name="test_delete_autre_ouvrage_requires_auth" time="0.109" /><testcase classname="backend.tests.test_ouvrages_api.TestOuvragesAPI" name="test_delete_bibliotheque_requires_auth" time="0.066" /><testcase classname="backend.tests.test_ouvrages_api.TestOuvragesAPI" name="test_delete_archives_academiques_requires_auth" time="0.064" /><testcase classname="backend.tests.test_ouvrages_api.TestOuvragesAPI" name="test_delete_nonexistent_ouvrage_returns_404" time="0.037" /><testcase classname="backend.tests.test_ouvrages_api.TestOuvragesDataIntegrity" name="test_ouvrages_majeurs_content" time="0.034" /><testcase classname="backend.tests.test_ouvrages_api.TestOuvragesDataIntegrity" name="test_bibliotheque_has_valid_links" time="0.034" /><testcase classname="backend.tests.test_ouvrages_api.TestOuvragesDataIntegrity" name="test_archives_academiques_have_sources" time="0.036" /></testsuite></testsuites>