<?xml version="1.0" encoding="utf-8"?><testsuites name="pytest tests"><testsuite name="pytest" errors="0" failures="0" skipped="0" tests="23" time="1.484" timestamp="2026-02-06T05:06:20.217553+00:00" hostname="agent-env-cf7d6c0b-43a4-4fc2-9803-f65fd08e9582"><testcase classname="backend.tests.test_page_content_crud.TestGetAllContent" name="test_get_all_content" time="0.066" /><testcase classname="backend.tests.test_page_content_crud.TestGetAllContent" name="test_get_content_filtered_by_slug" time="0.036" /><testcase classname="backend.tests.test_page_content_crud.TestGetAllContent" name="test_get_content_includes_all_pages" time="0.038" /><testcase classname="backend.tests.test_page_content_crud.TestGetPageContent" name="test_get_maodo_page_content" time="0.038" /><testcase classname="backend.tests.test_page_content_crud.TestGetPageContent" name="test_get_gamou_page_content" time="0.039" /><testcase classname="backend.tests.test_page_content_crud.TestGetPageContent" name="test_get_ecole_page_content" time="0.034" /><testcase classname="backend.tests.test_page_content_crud.TestGetPageContent" name="test_get_nonexistent_page_content" time="0.033" /><testcase classname="backend.tests.test_page_content_crud.TestGetPageContent" name="test_get_page_content_with_language" time="0.037" /><testcase classname="backend.tests.test_page_content_crud.TestGetPageSection" name="test_get_maodo_hero_section" time="0.034" /><testcase classname="backend.tests.test_page_content_crud.TestGetPageSection" name="test_get_gamou_intro_section" time="0.037" /><testcase classname="backend.tests.test_page_content_crud.TestGetPageSection" name="test_get_nonexistent_section" time="0.033" /><testcase classname="backend.tests.test_page_content_crud.TestGetPageSection" name="test_get_section_with_language" time="0.037" /><testcase classname="backend.tests.test_page_content_crud.TestUpdatePageContent" name="test_update_content_without_auth" time="0.073" /><testcase classname="backend.tests.test_page_content_crud.TestUpdatePageContent" name="test_update_content_with_auth" time="0.183" /><testcase classname="backend.tests.test_page_content_crud.TestUpdatePageContent" name="test_update_content_order" time="0.113" /><testcase classname="backend.tests.test_page_content_crud.TestUpdatePageContent" name="test_update_content_active_status" time="0.096" /><testcase classname="backend.tests.test_page_content_crud.TestUpdatePageContent" name="test_update_nonexistent_content" time="0.044" /><testcase classname="backend.tests.test_page_content_crud.TestDeletePageContent" name="test_delete_content_without_auth" time="0.072" /><testcase classname="backend.tests.test_page_content_crud.TestDeletePageContent" name="test_create_and_delete_content" time="0.145" /><testcase classname="backend.tests.test_page_content_crud.TestDeletePageContent" name="test_delete_nonexistent_content" time="0.035" /><testcase classname="backend.tests.test_page_content_crud.TestSeedPageContent" name="test_seed_without_auth" time="0.031" /><testcase classname="backend.tests.test_page_content_crud.TestSeedPageContent" name="test_seed_existing_page" time="0.035" /><testcase classname="backend.tests.test_page_content_crud.TestUpdateAllLanguages" name="test_update_content_all_languages" time="0.099" /></testsuite></testsuites>