<?xml version="1.0" encoding="utf-8"?><testsuites name="pytest tests"><testsuite name="pytest" errors="0" failures="0" skipped="0" tests="16" time="0.816" timestamp="2026-02-06T03:34:02.530608+00:00" hostname="agent-env-8470d3ef-25f4-4207-b5c0-47aaa8141daa"><testcase classname="backend.tests.test_api.TestHealthCheck" name="test_api_root" time="0.060" /><testcase classname="backend.tests.test_api.TestNewsletterAPI" name="test_newsletter_subscribe_success" time="0.038" /><testcase classname="backend.tests.test_api.TestNewsletterAPI" name="test_newsletter_subscribe_english" time="0.038" /><testcase classname="backend.tests.test_api.TestNewsletterAPI" name="test_newsletter_subscribe_arabic" time="0.040" /><testcase classname="backend.tests.test_api.TestNewsletterAPI" name="test_newsletter_subscribe_wolof" time="0.039" /><testcase classname="backend.tests.test_api.TestNewsletterAPI" name="test_newsletter_subscribe_invalid_email" time="0.040" /><testcase classname="backend.tests.test_api.TestNewsletterAPI" name="test_newsletter_subscribe_duplicate" time="0.074" /><testcase classname="backend.tests.test_api.TestNewsletterAPI" name="test_newsletter_subscribers_stats" time="0.041" /><testcase classname="backend.tests.test_api.TestContactAPI" name="test_contact_submit_success" time="0.076" /><testcase classname="backend.tests.test_api.TestContactAPI" name="test_contact_submit_invalid_email" time="0.035" /><testcase classname="backend.tests.test_api.TestContactAPI" name="test_contact_submit_short_message" time="0.033" /><testcase classname="backend.tests.test_api.TestContactAPI" name="test_contact_messages_list" time="0.032" /><testcase classname="backend.tests.test_api.TestVideosAPI" name="test_get_videos" time="0.038" /><testcase classname="backend.tests.test_api.TestVideosAPI" name="test_get_featured_videos" time="0.035" /><testcase classname="backend.tests.test_api.TestVideosAPI" name="test_get_categories" time="0.036" /><testcase classname="backend.tests.test_api.TestVideosAPI" name="test_get_video_not_found" time="0.039" /></testsuite></testsuites>